<?xml version="1.0" encoding="UTF-8"?>
<!-- Generated by org.testng.reporters.JUnitReportReporter -->
<testsuite hostname="AKHILESG-IN" name="TestNGDemo.LearnTestNG" tests="1" failures="0" timestamp="15 Mar 2020 09:31:33 GMT" time="0.004" errors="0">
  <testcase name="doHomePageTest" time="0.004" classname="TestNGDemo.LearnTestNG"/>
</testsuite> <!-- TestNGDemo.LearnTestNG -->
